Analysis & Synthesis report for Processador
Wed Nov 29 23:21:36 2023
Quartus Prime Version 20.1.1 Build 720 11/11/2020 SJ Lite Edition


---------------------
; Table of Contents ;
---------------------
  1. Legal Notice
  2. Analysis & Synthesis Summary
  3. Analysis & Synthesis Settings
  4. Parallel Compilation
  5. Analysis & Synthesis Source Files Read
  6. Analysis & Synthesis Resource Usage Summary
  7. Analysis & Synthesis Resource Utilization by Entity
  8. Analysis & Synthesis IP Cores Summary
  9. State Machine - |Processador|CPUControl:inst14|state
 10. Registers Removed During Synthesis
 11. Removed Registers Triggering Further Register Optimizations
 12. General Register Statistics
 13. Source assignments for InstructionsROM:inst13|altsyncram:altsyncram_component|altsyncram_2lr3:auto_generated
 14. Source assignments for ValuesROM:inst|altsyncram:altsyncram_component|altsyncram_mjr3:auto_generated
 15. Parameter Settings for User Entity Instance: InstructionsROM:inst13|altsyncram:altsyncram_component
 16. Parameter Settings for User Entity Instance: ValuesROM:inst|altsyncram:altsyncram_component
 17. Parameter Settings for User Entity Instance: Stack:inst3
 18. altsyncram Parameter Settings by Entity Instance
 19. Post-Synthesis Netlist Statistics for Top Partition
 20. Elapsed Time Per Partition
 21. Analysis & Synthesis Messages



----------------
; Legal Notice ;
----------------
Copyright (C) 2020  Intel Corporation. All rights reserved.
Your use of Intel Corporation's design tools, logic functions 
and other software and tools, and any partner logic 
functions, and any output files from any of the foregoing 
(including device programming or simulation files), and any 
associated documentation or information are expressly subject 
to the terms and conditions of the Intel Program License 
Subscription Agreement, the Intel Quartus Prime License Agreement,
the Intel FPGA IP License Agreement, or other applicable license
agreement, including, without limitation, that your use is for
the sole purpose of programming logic devices manufactured by
Intel and sold by Intel or its authorized distributors.  Please
refer to the applicable agreement for further details, at
https://fpgasoftware.intel.com/eula.



+----------------------------------------------------------------------------------+
; Analysis & Synthesis Summary                                                     ;
+------------------------------------+---------------------------------------------+
; Analysis & Synthesis Status        ; Successful - Wed Nov 29 23:21:36 2023       ;
; Quartus Prime Version              ; 20.1.1 Build 720 11/11/2020 SJ Lite Edition ;
; Revision Name                      ; Processador                                 ;
; Top-level Entity Name              ; Processador                                 ;
; Family                             ; Cyclone IV E                                ;
; Total logic elements               ; 0                                           ;
;     Total combinational functions  ; 0                                           ;
;     Dedicated logic registers      ; 0                                           ;
; Total registers                    ; 0                                           ;
; Total pins                         ; 5                                           ;
; Total virtual pins                 ; 0                                           ;
; Total memory bits                  ; 0                                           ;
; Embedded Multiplier 9-bit elements ; 0                                           ;
; Total PLLs                         ; 0                                           ;
+------------------------------------+---------------------------------------------+


+------------------------------------------------------------------------------------------------------------+
; Analysis & Synthesis Settings                                                                              ;
+------------------------------------------------------------------+--------------------+--------------------+
; Option                                                           ; Setting            ; Default Value      ;
+------------------------------------------------------------------+--------------------+--------------------+
; Device                                                           ; EP4CE115F29C7      ;                    ;
; Top-level entity name                                            ; Processador        ; Processador        ;
; Family name                                                      ; Cyclone IV E       ; Cyclone V          ;
; Use smart compilation                                            ; Off                ; Off                ;
; Enable parallel Assembler and Timing Analyzer during compilation ; On                 ; On                 ;
; Enable compact report table                                      ; Off                ; Off                ;
; Restructure Multiplexers                                         ; Auto               ; Auto               ;
; Create Debugging Nodes for IP Cores                              ; Off                ; Off                ;
; Preserve fewer node names                                        ; On                 ; On                 ;
; Intel FPGA IP Evaluation Mode                                    ; Enable             ; Enable             ;
; Verilog Version                                                  ; Verilog_2001       ; Verilog_2001       ;
; VHDL Version                                                     ; VHDL_1993          ; VHDL_1993          ;
; State Machine Processing                                         ; Auto               ; Auto               ;
; Safe State Machine                                               ; Off                ; Off                ;
; Extract Verilog State Machines                                   ; On                 ; On                 ;
; Extract VHDL State Machines                                      ; On                 ; On                 ;
; Ignore Verilog initial constructs                                ; Off                ; Off                ;
; Iteration limit for constant Verilog loops                       ; 5000               ; 5000               ;
; Iteration limit for non-constant Verilog loops                   ; 250                ; 250                ;
; Add Pass-Through Logic to Inferred RAMs                          ; On                 ; On                 ;
; Infer RAMs from Raw Logic                                        ; On                 ; On                 ;
; Parallel Synthesis                                               ; On                 ; On                 ;
; DSP Block Balancing                                              ; Auto               ; Auto               ;
; NOT Gate Push-Back                                               ; On                 ; On                 ;
; Power-Up Don't Care                                              ; On                 ; On                 ;
; Remove Redundant Logic Cells                                     ; Off                ; Off                ;
; Remove Duplicate Registers                                       ; On                 ; On                 ;
; Ignore CARRY Buffers                                             ; Off                ; Off                ;
; Ignore CASCADE Buffers                                           ; Off                ; Off                ;
; Ignore GLOBAL Buffers                                            ; Off                ; Off                ;
; Ignore ROW GLOBAL Buffers                                        ; Off                ; Off                ;
; Ignore LCELL Buffers                                             ; Off                ; Off                ;
; Ignore SOFT Buffers                                              ; On                 ; On                 ;
; Limit AHDL Integers to 32 Bits                                   ; Off                ; Off                ;
; Optimization Technique                                           ; Balanced           ; Balanced           ;
; Carry Chain Length                                               ; 70                 ; 70                 ;
; Auto Carry Chains                                                ; On                 ; On                 ;
; Auto Open-Drain Pins                                             ; On                 ; On                 ;
; Perform WYSIWYG Primitive Resynthesis                            ; Off                ; Off                ;
; Auto ROM Replacement                                             ; On                 ; On                 ;
; Auto RAM Replacement                                             ; On                 ; On                 ;
; Auto DSP Block Replacement                                       ; On                 ; On                 ;
; Auto Shift Register Replacement                                  ; Auto               ; Auto               ;
; Allow Shift Register Merging across Hierarchies                  ; Auto               ; Auto               ;
; Auto Clock Enable Replacement                                    ; On                 ; On                 ;
; Strict RAM Replacement                                           ; Off                ; Off                ;
; Allow Synchronous Control Signals                                ; On                 ; On                 ;
; Force Use of Synchronous Clear Signals                           ; Off                ; Off                ;
; Auto RAM Block Balancing                                         ; On                 ; On                 ;
; Auto RAM to Logic Cell Conversion                                ; Off                ; Off                ;
; Auto Resource Sharing                                            ; Off                ; Off                ;
; Allow Any RAM Size For Recognition                               ; Off                ; Off                ;
; Allow Any ROM Size For Recognition                               ; Off                ; Off                ;
; Allow Any Shift Register Size For Recognition                    ; Off                ; Off                ;
; Use LogicLock Constraints during Resource Balancing              ; On                 ; On                 ;
; Ignore translate_off and synthesis_off directives                ; Off                ; Off                ;
; Timing-Driven Synthesis                                          ; On                 ; On                 ;
; Report Parameter Settings                                        ; On                 ; On                 ;
; Report Source Assignments                                        ; On                 ; On                 ;
; Report Connectivity Checks                                       ; On                 ; On                 ;
; Ignore Maximum Fan-Out Assignments                               ; Off                ; Off                ;
; Synchronization Register Chain Length                            ; 2                  ; 2                  ;
; Power Optimization During Synthesis                              ; Normal compilation ; Normal compilation ;
; HDL message level                                                ; Level2             ; Level2             ;
; Suppress Register Optimization Related Messages                  ; Off                ; Off                ;
; Number of Removed Registers Reported in Synthesis Report         ; 5000               ; 5000               ;
; Number of Swept Nodes Reported in Synthesis Report               ; 5000               ; 5000               ;
; Number of Inverted Registers Reported in Synthesis Report        ; 100                ; 100                ;
; Clock MUX Protection                                             ; On                 ; On                 ;
; Auto Gated Clock Conversion                                      ; Off                ; Off                ;
; Block Design Naming                                              ; Auto               ; Auto               ;
; SDC constraint protection                                        ; Off                ; Off                ;
; Synthesis Effort                                                 ; Auto               ; Auto               ;
; Shift Register Replacement - Allow Asynchronous Clear Signal     ; On                 ; On                 ;
; Pre-Mapping Resynthesis Optimization                             ; Off                ; Off                ;
; Analysis & Synthesis Message Level                               ; Medium             ; Medium             ;
; Disable Register Merging Across Hierarchies                      ; Auto               ; Auto               ;
; Resource Aware Inference For Block RAM                           ; On                 ; On                 ;
+------------------------------------------------------------------+--------------------+--------------------+


+------------------------------------------+
; Parallel Compilation                     ;
+----------------------------+-------------+
; Processors                 ; Number      ;
+----------------------------+-------------+
; Number detected on machine ; 24          ;
; Maximum allowed            ; 16          ;
;                            ;             ;
; Average used               ; 1.00        ;
; Maximum used               ; 1           ;
;                            ;             ;
; Usage by Processor         ; % Time Used ;
;     Processor 1            ; 100.0%      ;
+----------------------------+-------------+


+---------------------------------------------------------------------------------------------------------------------------------------------------------------------------------+
; Analysis & Synthesis Source Files Read                                                                                                                                          ;
+----------------------------------+-----------------+----------------------------------------+-------------------------------------------------------------------------+---------+
; File Name with User-Entered Path ; Used in Netlist ; File Type                              ; File Name with Absolute Path                                            ; Library ;
+----------------------------------+-----------------+----------------------------------------+-------------------------------------------------------------------------+---------+
; Stack.v                          ; yes             ; User Verilog HDL File                  ; /home/david/Documents/ufba/ENGG56/Quartus/Stack.v                       ;         ;
; Processador.bdf                  ; yes             ; User Block Diagram/Schematic File      ; /home/david/Documents/ufba/ENGG56/Quartus/Processador.bdf               ;         ;
; Definitions.v                    ; yes             ; User Verilog HDL File                  ; /home/david/Documents/ufba/ENGG56/Quartus/Definitions.v                 ;         ;
; ALU.v                            ; yes             ; User Verilog HDL File                  ; /home/david/Documents/ufba/ENGG56/Quartus/ALU.v                         ;         ;
; InstructionsROM.vhd              ; yes             ; User Wizard-Generated File             ; /home/david/Documents/ufba/ENGG56/Quartus/InstructionsROM.vhd           ;         ;
; ValuesROM.vhd                    ; yes             ; User Wizard-Generated File             ; /home/david/Documents/ufba/ENGG56/Quartus/ValuesROM.vhd                 ;         ;
; CPURegisters.v                   ; yes             ; User Verilog HDL File                  ; /home/david/Documents/ufba/ENGG56/Quartus/CPURegisters.v                ;         ;
; CPUControl.v                     ; yes             ; User Verilog HDL File                  ; /home/david/Documents/ufba/ENGG56/Quartus/CPUControl.v                  ;         ;
; altsyncram.tdf                   ; yes             ; Megafunction                           ; /home/david/Tools/quartus/libraries/megafunctions/altsyncram.tdf        ;         ;
; stratix_ram_block.inc            ; yes             ; Megafunction                           ; /home/david/Tools/quartus/libraries/megafunctions/stratix_ram_block.inc ;         ;
; lpm_mux.inc                      ; yes             ; Megafunction                           ; /home/david/Tools/quartus/libraries/megafunctions/lpm_mux.inc           ;         ;
; lpm_decode.inc                   ; yes             ; Megafunction                           ; /home/david/Tools/quartus/libraries/megafunctions/lpm_decode.inc        ;         ;
; aglobal201.inc                   ; yes             ; Megafunction                           ; /home/david/Tools/quartus/libraries/megafunctions/aglobal201.inc        ;         ;
; a_rdenreg.inc                    ; yes             ; Megafunction                           ; /home/david/Tools/quartus/libraries/megafunctions/a_rdenreg.inc         ;         ;
; altrom.inc                       ; yes             ; Megafunction                           ; /home/david/Tools/quartus/libraries/megafunctions/altrom.inc            ;         ;
; altram.inc                       ; yes             ; Megafunction                           ; /home/david/Tools/quartus/libraries/megafunctions/altram.inc            ;         ;
; altdpram.inc                     ; yes             ; Megafunction                           ; /home/david/Tools/quartus/libraries/megafunctions/altdpram.inc          ;         ;
; db/altsyncram_2lr3.tdf           ; yes             ; Auto-Generated Megafunction            ; /home/david/Documents/ufba/ENGG56/Quartus/db/altsyncram_2lr3.tdf        ;         ;
; ROM.mif                          ; yes             ; Auto-Found Memory Initialization File  ; /home/david/Documents/ufba/ENGG56/Quartus/ROM.mif                       ;         ;
; db/altsyncram_mjr3.tdf           ; yes             ; Auto-Generated Megafunction            ; /home/david/Documents/ufba/ENGG56/Quartus/db/altsyncram_mjr3.tdf        ;         ;
+----------------------------------+-----------------+----------------------------------------+-------------------------------------------------------------------------+---------+


+---------------------------------------------------------------+
; Analysis & Synthesis Resource Usage Summary                   ;
+---------------------------------------------+-----------------+
; Resource                                    ; Usage           ;
+---------------------------------------------+-----------------+
;                                             ;                 ;
; Total combinational functions               ; 0               ;
; Logic element usage by number of LUT inputs ;                 ;
;     -- 4 input functions                    ; 0               ;
;     -- 3 input functions                    ; 0               ;
;     -- <=2 input functions                  ; 0               ;
;                                             ;                 ;
; Logic elements by mode                      ;                 ;
;     -- normal mode                          ; 0               ;
;     -- arithmetic mode                      ; 0               ;
;                                             ;                 ;
; Total registers                             ; 0               ;
;     -- Dedicated logic registers            ; 0               ;
;     -- I/O registers                        ; 0               ;
;                                             ;                 ;
; I/O pins                                    ; 5               ;
;                                             ;                 ;
; Embedded Multiplier 9-bit elements          ; 0               ;
;                                             ;                 ;
; Maximum fan-out node                        ; carryOut~output ;
; Maximum fan-out                             ; 1               ;
; Total fan-out                               ; 5               ;
; Average fan-out                             ; 0.50            ;
+---------------------------------------------+-----------------+


+----------------------------------------------------------------------------------------------------------------------------------------------------------------------------------------------------------+
; Analysis & Synthesis Resource Utilization by Entity                                                                                                                                                      ;
+----------------------------+---------------------+---------------------------+-------------+--------------+---------+-----------+------+--------------+---------------------+-------------+--------------+
; Compilation Hierarchy Node ; Combinational ALUTs ; Dedicated Logic Registers ; Memory Bits ; DSP Elements ; DSP 9x9 ; DSP 18x18 ; Pins ; Virtual Pins ; Full Hierarchy Name ; Entity Name ; Library Name ;
+----------------------------+---------------------+---------------------------+-------------+--------------+---------+-----------+------+--------------+---------------------+-------------+--------------+
; |Processador               ; 0 (0)               ; 0 (0)                     ; 0           ; 0            ; 0       ; 0         ; 5    ; 0            ; |Processador        ; Processador ; work         ;
+----------------------------+---------------------+---------------------------+-------------+--------------+---------+-----------+------+--------------+---------------------+-------------+--------------+
Note: For table entries with two numbers listed, the numbers in parentheses indicate the number of resources of the given type used by the specific entity alone. The numbers listed outside of parentheses indicate the total resources of the given type used by the specific entity and all of its sub-entities in the hierarchy.


+---------------------------------------------------------------------------------------------------------------------------+
; Analysis & Synthesis IP Cores Summary                                                                                     ;
+--------+--------------+---------+--------------+--------------+-------------------------------------+---------------------+
; Vendor ; IP Core Name ; Version ; Release Date ; License Type ; Entity Instance                     ; IP Include File     ;
+--------+--------------+---------+--------------+--------------+-------------------------------------+---------------------+
; Altera ; ROM: 1-PORT  ; 20.1    ; N/A          ; N/A          ; |Processador|ValuesROM:inst         ; ValuesROM.vhd       ;
; Altera ; ROM: 1-PORT  ; 20.1    ; N/A          ; N/A          ; |Processador|InstructionsROM:inst13 ; InstructionsROM.vhd ;
+--------+--------------+---------+--------------+--------------+-------------------------------------+---------------------+


Encoding Type:  One-Hot
+----------------------------------------------------------------------------------------------------------------------------------------------------------------------------------------------------------------------------+
; State Machine - |Processador|CPUControl:inst14|state                                                                                                                                                                       ;
+------------+------------+------------+------------+------------+------------+------------+------------+------------+------------+------------+------------+------------+------------+------------+------------+------------+
; Name       ; state.1111 ; state.1110 ; state.1101 ; state.1100 ; state.1011 ; state.1010 ; state.1001 ; state.1000 ; state.0111 ; state.0110 ; state.0101 ; state.0100 ; state.0011 ; state.0010 ; state.0001 ; state.0000 ;
+------------+------------+------------+------------+------------+------------+------------+------------+------------+------------+------------+------------+------------+------------+------------+------------+------------+
; state.0000 ; 0          ; 0          ; 0          ; 0          ; 0          ; 0          ; 0          ; 0          ; 0          ; 0          ; 0          ; 0          ; 0          ; 0          ; 0          ; 0          ;
; state.0001 ; 0          ; 0          ; 0          ; 0          ; 0          ; 0          ; 0          ; 0          ; 0          ; 0          ; 0          ; 0          ; 0          ; 0          ; 1          ; 1          ;
; state.0010 ; 0          ; 0          ; 0          ; 0          ; 0          ; 0          ; 0          ; 0          ; 0          ; 0          ; 0          ; 0          ; 0          ; 1          ; 0          ; 1          ;
; state.0011 ; 0          ; 0          ; 0          ; 0          ; 0          ; 0          ; 0          ; 0          ; 0          ; 0          ; 0          ; 0          ; 1          ; 0          ; 0          ; 1          ;
; state.0100 ; 0          ; 0          ; 0          ; 0          ; 0          ; 0          ; 0          ; 0          ; 0          ; 0          ; 0          ; 1          ; 0          ; 0          ; 0          ; 1          ;
; state.0101 ; 0          ; 0          ; 0          ; 0          ; 0          ; 0          ; 0          ; 0          ; 0          ; 0          ; 1          ; 0          ; 0          ; 0          ; 0          ; 1          ;
; state.0110 ; 0          ; 0          ; 0          ; 0          ; 0          ; 0          ; 0          ; 0          ; 0          ; 1          ; 0          ; 0          ; 0          ; 0          ; 0          ; 1          ;
; state.0111 ; 0          ; 0          ; 0          ; 0          ; 0          ; 0          ; 0          ; 0          ; 1          ; 0          ; 0          ; 0          ; 0          ; 0          ; 0          ; 1          ;
; state.1000 ; 0          ; 0          ; 0          ; 0          ; 0          ; 0          ; 0          ; 1          ; 0          ; 0          ; 0          ; 0          ; 0          ; 0          ; 0          ; 1          ;
; state.1001 ; 0          ; 0          ; 0          ; 0          ; 0          ; 0          ; 1          ; 0          ; 0          ; 0          ; 0          ; 0          ; 0          ; 0          ; 0          ; 1          ;
; state.1010 ; 0          ; 0          ; 0          ; 0          ; 0          ; 1          ; 0          ; 0          ; 0          ; 0          ; 0          ; 0          ; 0          ; 0          ; 0          ; 1          ;
; state.1011 ; 0          ; 0          ; 0          ; 0          ; 1          ; 0          ; 0          ; 0          ; 0          ; 0          ; 0          ; 0          ; 0          ; 0          ; 0          ; 1          ;
; state.1100 ; 0          ; 0          ; 0          ; 1          ; 0          ; 0          ; 0          ; 0          ; 0          ; 0          ; 0          ; 0          ; 0          ; 0          ; 0          ; 1          ;
; state.1101 ; 0          ; 0          ; 1          ; 0          ; 0          ; 0          ; 0          ; 0          ; 0          ; 0          ; 0          ; 0          ; 0          ; 0          ; 0          ; 1          ;
; state.1110 ; 0          ; 1          ; 0          ; 0          ; 0          ; 0          ; 0          ; 0          ; 0          ; 0          ; 0          ; 0          ; 0          ; 0          ; 0          ; 1          ;
; state.1111 ; 1          ; 0          ; 0          ; 0          ; 0          ; 0          ; 0          ; 0          ; 0          ; 0          ; 0          ; 0          ; 0          ; 0          ; 0          ; 1          ;
+------------+------------+------------+------------+------------+------------+------------+------------+------------+------------+------------+------------+------------+------------+------------+------------+------------+


+---------------------------------------------------------------------------------+
; Registers Removed During Synthesis                                              ;
+----------------------------------------+----------------------------------------+
; Register name                          ; Reason for Removal                     ;
+----------------------------------------+----------------------------------------+
; Stack:inst3|index[0..7]                ; Stuck at GND due to stuck port data_in ;
; Stack:inst3|dout[0..7]                 ; Stuck at GND due to stuck port data_in ;
; CPURegisters:inst15|registers[1][2]    ; Lost fanout                            ;
; CPURegisters:inst15|registers[1][1]    ; Lost fanout                            ;
; CPURegisters:inst15|registers[1][0]    ; Lost fanout                            ;
; CPURegisters:inst15|registers[1][3]    ; Lost fanout                            ;
; CPURegisters:inst15|registers[1][4]    ; Lost fanout                            ;
; CPURegisters:inst15|registers[1][5]    ; Lost fanout                            ;
; CPURegisters:inst15|registers[1][6]    ; Lost fanout                            ;
; CPURegisters:inst15|registers[1][7]    ; Lost fanout                            ;
; CPURegisters:inst15|registers[0][0]    ; Lost fanout                            ;
; CPURegisters:inst15|registers[0][1]    ; Lost fanout                            ;
; CPURegisters:inst15|registers[0][2]    ; Lost fanout                            ;
; CPURegisters:inst15|registers[0][3]    ; Lost fanout                            ;
; CPURegisters:inst15|registers[0][4]    ; Lost fanout                            ;
; CPURegisters:inst15|registers[0][5]    ; Lost fanout                            ;
; CPURegisters:inst15|registers[0][6]    ; Lost fanout                            ;
; CPURegisters:inst15|registers[0][7]    ; Lost fanout                            ;
; CPUControl:inst14|state.0011           ; Lost fanout                            ;
; CPUControl:inst14|state.0100           ; Lost fanout                            ;
; CPUControl:inst14|state.0101           ; Lost fanout                            ;
; CPUControl:inst14|state.0110           ; Lost fanout                            ;
; CPUControl:inst14|state.0111           ; Lost fanout                            ;
; CPUControl:inst14|state.1000           ; Lost fanout                            ;
; CPUControl:inst14|state.1001           ; Lost fanout                            ;
; CPUControl:inst14|state.1010           ; Lost fanout                            ;
; CPUControl:inst14|state.1100           ; Lost fanout                            ;
; CPUControl:inst14|state.1101           ; Lost fanout                            ;
; CPUControl:inst14|state.1110           ; Lost fanout                            ;
; CPUControl:inst14|state.1111           ; Lost fanout                            ;
; CPUControl:inst14|state~2              ; Lost fanout                            ;
; CPUControl:inst14|state~3              ; Lost fanout                            ;
; CPUControl:inst14|state~4              ; Lost fanout                            ;
; CPUControl:inst14|state~5              ; Lost fanout                            ;
; CPUControl:inst14|state.0000           ; Lost fanout                            ;
; CPUControl:inst14|state.0001           ; Lost fanout                            ;
; CPUControl:inst14|state.0010           ; Lost fanout                            ;
; CPUControl:inst14|state.1011           ; Lost fanout                            ;
; Total Number of Removed Registers = 52 ;                                        ;
+----------------------------------------+----------------------------------------+


+-----------------------------------------------------------------------------------------+
; Removed Registers Triggering Further Register Optimizations                             ;
+---------------------------+--------------------+----------------------------------------+
; Register name             ; Reason for Removal ; Registers Removed due to This Register ;
+---------------------------+--------------------+----------------------------------------+
; CPUControl:inst14|state~2 ; Lost Fanouts       ; CPUControl:inst14|state.0010           ;
+---------------------------+--------------------+----------------------------------------+


+------------------------------------------------------+
; General Register Statistics                          ;
+----------------------------------------------+-------+
; Statistic                                    ; Value ;
+----------------------------------------------+-------+
; Total registers                              ; 0     ;
; Number of registers using Synchronous Clear  ; 0     ;
; Number of registers using Synchronous Load   ; 0     ;
; Number of registers using Asynchronous Clear ; 0     ;
; Number of registers using Asynchronous Load  ; 0     ;
; Number of registers using Clock Enable       ; 0     ;
; Number of registers using Preset             ; 0     ;
+----------------------------------------------+-------+


+--------------------------------------------------------------------------------------------------------------+
; Source assignments for InstructionsROM:inst13|altsyncram:altsyncram_component|altsyncram_2lr3:auto_generated ;
+---------------------------------+--------------------+------+------------------------------------------------+
; Assignment                      ; Value              ; From ; To                                             ;
+---------------------------------+--------------------+------+------------------------------------------------+
; OPTIMIZE_POWER_DURING_SYNTHESIS ; NORMAL_COMPILATION ; -    ; -                                              ;
+---------------------------------+--------------------+------+------------------------------------------------+


+------------------------------------------------------------------------------------------------------+
; Source assignments for ValuesROM:inst|altsyncram:altsyncram_component|altsyncram_mjr3:auto_generated ;
+---------------------------------+--------------------+------+----------------------------------------+
; Assignment                      ; Value              ; From ; To                                     ;
+---------------------------------+--------------------+------+----------------------------------------+
; OPTIMIZE_POWER_DURING_SYNTHESIS ; NORMAL_COMPILATION ; -    ; -                                      ;
+---------------------------------+--------------------+------+----------------------------------------+


+-----------------------------------------------------------------------------------------------------+
; Parameter Settings for User Entity Instance: InstructionsROM:inst13|altsyncram:altsyncram_component ;
+------------------------------------+----------------------+-----------------------------------------+
; Parameter Name                     ; Value                ; Type                                    ;
+------------------------------------+----------------------+-----------------------------------------+
; BYTE_SIZE_BLOCK                    ; 8                    ; Untyped                                 ;
; AUTO_CARRY_CHAINS                  ; ON                   ; AUTO_CARRY                              ;
; IGNORE_CARRY_BUFFERS               ; OFF                  ; IGNORE_CARRY                            ;
; AUTO_CASCADE_CHAINS                ; ON                   ; AUTO_CASCADE                            ;
; IGNORE_CASCADE_BUFFERS             ; OFF                  ; IGNORE_CASCADE                          ;
; WIDTH_BYTEENA                      ; 1                    ; Untyped                                 ;
; OPERATION_MODE                     ; ROM                  ; Untyped                                 ;
; WIDTH_A                            ; 13                   ; Signed Integer                          ;
; WIDTHAD_A                          ; 8                    ; Signed Integer                          ;
; NUMWORDS_A                         ; 256                  ; Signed Integer                          ;
; OUTDATA_REG_A                      ; UNREGISTERED         ; Untyped                                 ;
; ADDRESS_ACLR_A                     ; NONE                 ; Untyped                                 ;
; OUTDATA_ACLR_A                     ; NONE                 ; Untyped                                 ;
; WRCONTROL_ACLR_A                   ; NONE                 ; Untyped                                 ;
; INDATA_ACLR_A                      ; NONE                 ; Untyped                                 ;
; BYTEENA_ACLR_A                     ; NONE                 ; Untyped                                 ;
; WIDTH_B                            ; 1                    ; Signed Integer                          ;
; WIDTHAD_B                          ; 1                    ; Signed Integer                          ;
; NUMWORDS_B                         ; 0                    ; Signed Integer                          ;
; INDATA_REG_B                       ; CLOCK1               ; Untyped                                 ;
; WRCONTROL_WRADDRESS_REG_B          ; CLOCK1               ; Untyped                                 ;
; RDCONTROL_REG_B                    ; CLOCK1               ; Untyped                                 ;
; ADDRESS_REG_B                      ; CLOCK1               ; Untyped                                 ;
; OUTDATA_REG_B                      ; UNREGISTERED         ; Untyped                                 ;
; BYTEENA_REG_B                      ; CLOCK1               ; Untyped                                 ;
; INDATA_ACLR_B                      ; NONE                 ; Untyped                                 ;
; WRCONTROL_ACLR_B                   ; NONE                 ; Untyped                                 ;
; ADDRESS_ACLR_B                     ; NONE                 ; Untyped                                 ;
; OUTDATA_ACLR_B                     ; NONE                 ; Untyped                                 ;
; RDCONTROL_ACLR_B                   ; NONE                 ; Untyped                                 ;
; BYTEENA_ACLR_B                     ; NONE                 ; Untyped                                 ;
; WIDTH_BYTEENA_A                    ; 1                    ; Signed Integer                          ;
; WIDTH_BYTEENA_B                    ; 1                    ; Signed Integer                          ;
; RAM_BLOCK_TYPE                     ; AUTO                 ; Untyped                                 ;
; BYTE_SIZE                          ; 8                    ; Signed Integer                          ;
; READ_DURING_WRITE_MODE_MIXED_PORTS ; DONT_CARE            ; Untyped                                 ;
; READ_DURING_WRITE_MODE_PORT_A      ; NEW_DATA_NO_NBE_READ ; Untyped                                 ;
; READ_DURING_WRITE_MODE_PORT_B      ; NEW_DATA_NO_NBE_READ ; Untyped                                 ;
; INIT_FILE                          ; ROM.mif              ; Untyped                                 ;
; INIT_FILE_LAYOUT                   ; PORT_A               ; Untyped                                 ;
; MAXIMUM_DEPTH                      ; 0                    ; Signed Integer                          ;
; CLOCK_ENABLE_INPUT_A               ; BYPASS               ; Untyped                                 ;
; CLOCK_ENABLE_INPUT_B               ; NORMAL               ; Untyped                                 ;
; CLOCK_ENABLE_OUTPUT_A              ; BYPASS               ; Untyped                                 ;
; CLOCK_ENABLE_OUTPUT_B              ; NORMAL               ; Untyped                                 ;
; CLOCK_ENABLE_CORE_A                ; USE_INPUT_CLKEN      ; Untyped                                 ;
; CLOCK_ENABLE_CORE_B                ; USE_INPUT_CLKEN      ; Untyped                                 ;
; ENABLE_ECC                         ; FALSE                ; Untyped                                 ;
; ECC_PIPELINE_STAGE_ENABLED         ; FALSE                ; Untyped                                 ;
; WIDTH_ECCSTATUS                    ; 3                    ; Signed Integer                          ;
; DEVICE_FAMILY                      ; Cyclone IV E         ; Untyped                                 ;
; CBXI_PARAMETER                     ; altsyncram_2lr3      ; Untyped                                 ;
+------------------------------------+----------------------+-----------------------------------------+
Note: In order to hide this table in the UI and the text report file, please set the "Show Parameter Settings in Synthesis Report" option in "Analysis and Synthesis Settings -> More Settings" to "Off".


+---------------------------------------------------------------------------------------------+
; Parameter Settings for User Entity Instance: ValuesROM:inst|altsyncram:altsyncram_component ;
+------------------------------------+----------------------+---------------------------------+
; Parameter Name                     ; Value                ; Type                            ;
+------------------------------------+----------------------+---------------------------------+
; BYTE_SIZE_BLOCK                    ; 8                    ; Untyped                         ;
; AUTO_CARRY_CHAINS                  ; ON                   ; AUTO_CARRY                      ;
; IGNORE_CARRY_BUFFERS               ; OFF                  ; IGNORE_CARRY                    ;
; AUTO_CASCADE_CHAINS                ; ON                   ; AUTO_CASCADE                    ;
; IGNORE_CASCADE_BUFFERS             ; OFF                  ; IGNORE_CASCADE                  ;
; WIDTH_BYTEENA                      ; 1                    ; Untyped                         ;
; OPERATION_MODE                     ; ROM                  ; Untyped                         ;
; WIDTH_A                            ; 8                    ; Signed Integer                  ;
; WIDTHAD_A                          ; 8                    ; Signed Integer                  ;
; NUMWORDS_A                         ; 256                  ; Signed Integer                  ;
; OUTDATA_REG_A                      ; UNREGISTERED         ; Untyped                         ;
; ADDRESS_ACLR_A                     ; NONE                 ; Untyped                         ;
; OUTDATA_ACLR_A                     ; NONE                 ; Untyped                         ;
; WRCONTROL_ACLR_A                   ; NONE                 ; Untyped                         ;
; INDATA_ACLR_A                      ; NONE                 ; Untyped                         ;
; BYTEENA_ACLR_A                     ; NONE                 ; Untyped                         ;
; WIDTH_B                            ; 1                    ; Signed Integer                  ;
; WIDTHAD_B                          ; 1                    ; Signed Integer                  ;
; NUMWORDS_B                         ; 0                    ; Signed Integer                  ;
; INDATA_REG_B                       ; CLOCK1               ; Untyped                         ;
; WRCONTROL_WRADDRESS_REG_B          ; CLOCK1               ; Untyped                         ;
; RDCONTROL_REG_B                    ; CLOCK1               ; Untyped                         ;
; ADDRESS_REG_B                      ; CLOCK1               ; Untyped                         ;
; OUTDATA_REG_B                      ; UNREGISTERED         ; Untyped                         ;
; BYTEENA_REG_B                      ; CLOCK1               ; Untyped                         ;
; INDATA_ACLR_B                      ; NONE                 ; Untyped                         ;
; WRCONTROL_ACLR_B                   ; NONE                 ; Untyped                         ;
; ADDRESS_ACLR_B                     ; NONE                 ; Untyped                         ;
; OUTDATA_ACLR_B                     ; NONE                 ; Untyped                         ;
; RDCONTROL_ACLR_B                   ; NONE                 ; Untyped                         ;
; BYTEENA_ACLR_B                     ; NONE                 ; Untyped                         ;
; WIDTH_BYTEENA_A                    ; 1                    ; Signed Integer                  ;
; WIDTH_BYTEENA_B                    ; 1                    ; Signed Integer                  ;
; RAM_BLOCK_TYPE                     ; AUTO                 ; Untyped                         ;
; BYTE_SIZE                          ; 8                    ; Signed Integer                  ;
; READ_DURING_WRITE_MODE_MIXED_PORTS ; DONT_CARE            ; Untyped                         ;
; READ_DURING_WRITE_MODE_PORT_A      ; NEW_DATA_NO_NBE_READ ; Untyped                         ;
; READ_DURING_WRITE_MODE_PORT_B      ; NEW_DATA_NO_NBE_READ ; Untyped                         ;
; INIT_FILE                          ; ROM.mif              ; Untyped                         ;
; INIT_FILE_LAYOUT                   ; PORT_A               ; Untyped                         ;
; MAXIMUM_DEPTH                      ; 0                    ; Signed Integer                  ;
; CLOCK_ENABLE_INPUT_A               ; BYPASS               ; Untyped                         ;
; CLOCK_ENABLE_INPUT_B               ; NORMAL               ; Untyped                         ;
; CLOCK_ENABLE_OUTPUT_A              ; BYPASS               ; Untyped                         ;
; CLOCK_ENABLE_OUTPUT_B              ; NORMAL               ; Untyped                         ;
; CLOCK_ENABLE_CORE_A                ; USE_INPUT_CLKEN      ; Untyped                         ;
; CLOCK_ENABLE_CORE_B                ; USE_INPUT_CLKEN      ; Untyped                         ;
; ENABLE_ECC                         ; FALSE                ; Untyped                         ;
; ECC_PIPELINE_STAGE_ENABLED         ; FALSE                ; Untyped                         ;
; WIDTH_ECCSTATUS                    ; 3                    ; Signed Integer                  ;
; DEVICE_FAMILY                      ; Cyclone IV E         ; Untyped                         ;
; CBXI_PARAMETER                     ; altsyncram_mjr3      ; Untyped                         ;
+------------------------------------+----------------------+---------------------------------+
Note: In order to hide this table in the UI and the text report file, please set the "Show Parameter Settings in Synthesis Report" option in "Analysis and Synthesis Settings -> More Settings" to "Off".


+----------------------------------------------------------+
; Parameter Settings for User Entity Instance: Stack:inst3 ;
+----------------+-------+---------------------------------+
; Parameter Name ; Value ; Type                            ;
+----------------+-------+---------------------------------+
; WIDTH          ; 8     ; Signed Integer                  ;
; DEPTH          ; 8     ; Signed Integer                  ;
+----------------+-------+---------------------------------+
Note: In order to hide this table in the UI and the text report file, please set the "Show Parameter Settings in Synthesis Report" option in "Analysis and Synthesis Settings -> More Settings" to "Off".


+----------------------------------------------------------------------------------------------------+
; altsyncram Parameter Settings by Entity Instance                                                   ;
+-------------------------------------------+--------------------------------------------------------+
; Name                                      ; Value                                                  ;
+-------------------------------------------+--------------------------------------------------------+
; Number of entity instances                ; 2                                                      ;
; Entity Instance                           ; InstructionsROM:inst13|altsyncram:altsyncram_component ;
;     -- OPERATION_MODE                     ; ROM                                                    ;
;     -- WIDTH_A                            ; 13                                                     ;
;     -- NUMWORDS_A                         ; 256                                                    ;
;     -- OUTDATA_REG_A                      ; UNREGISTERED                                           ;
;     -- WIDTH_B                            ; 1                                                      ;
;     -- NUMWORDS_B                         ; 0                                                      ;
;     -- ADDRESS_REG_B                      ; CLOCK1                                                 ;
;     -- OUTDATA_REG_B                      ; UNREGISTERED                                           ;
;     -- RAM_BLOCK_TYPE                     ; AUTO                                                   ;
;     -- READ_DURING_WRITE_MODE_MIXED_PORTS ; DONT_CARE                                              ;
; Entity Instance                           ; ValuesROM:inst|altsyncram:altsyncram_component         ;
;     -- OPERATION_MODE                     ; ROM                                                    ;
;     -- WIDTH_A                            ; 8                                                      ;
;     -- NUMWORDS_A                         ; 256                                                    ;
;     -- OUTDATA_REG_A                      ; UNREGISTERED                                           ;
;     -- WIDTH_B                            ; 1                                                      ;
;     -- NUMWORDS_B                         ; 0                                                      ;
;     -- ADDRESS_REG_B                      ; CLOCK1                                                 ;
;     -- OUTDATA_REG_B                      ; UNREGISTERED                                           ;
;     -- RAM_BLOCK_TYPE                     ; AUTO                                                   ;
;     -- READ_DURING_WRITE_MODE_MIXED_PORTS ; DONT_CARE                                              ;
+-------------------------------------------+--------------------------------------------------------+


+-----------------------------------------------------+
; Post-Synthesis Netlist Statistics for Top Partition ;
+-----------------------+-----------------------------+
; Type                  ; Count                       ;
+-----------------------+-----------------------------+
; boundary_port         ; 5                           ;
; cycloneiii_lcell_comb ; 2                           ;
;     normal            ; 2                           ;
;         0 data inputs ; 2                           ;
;                       ;                             ;
; Max LUT depth         ; 0.00                        ;
; Average LUT depth     ; 0.00                        ;
+-----------------------+-----------------------------+


+-------------------------------+
; Elapsed Time Per Partition    ;
+----------------+--------------+
; Partition Name ; Elapsed Time ;
+----------------+--------------+
; Top            ; 00:00:00     ;
+----------------+--------------+


+-------------------------------+
; Analysis & Synthesis Messages ;
+-------------------------------+
Info: *******************************************************************
Info: Running Quartus Prime Analysis & Synthesis
    Info: Version 20.1.1 Build 720 11/11/2020 SJ Lite Edition
    Info: Processing started: Wed Nov 29 23:21:31 2023
Info: Command: quartus_map --read_settings_files=on --write_settings_files=off Processador -c Processador
Warning (125092): Tcl Script File RAM.qip not found
    Info (125063): set_global_assignment -name QIP_FILE RAM.qip
Warning (18236): Number of processors has not been specified which may cause overloading on shared machines.  Set the global assignment NUM_PARALLEL_PROCESSORS in your QSF to an appropriate value for best performance.
Info (20030): Parallel compilation is enabled and will use 16 of the 24 processors detected
Info (12021): Found 1 design units, including 1 entities, in source file Stack.v
    Info (12023): Found entity 1: Stack File: /home/david/Documents/ufba/ENGG56/Quartus/Stack.v Line: 1
Info (12021): Found 1 design units, including 1 entities, in source file Registers.v
    Info (12023): Found entity 1: Registers File: /home/david/Documents/ufba/ENGG56/Quartus/Registers.v Line: 1
Info (12021): Found 1 design units, including 1 entities, in source file Processador.bdf
    Info (12023): Found entity 1: Processador
Info (12021): Found 1 design units, including 1 entities, in source file Register.v
    Info (12023): Found entity 1: Register File: /home/david/Documents/ufba/ENGG56/Quartus/Register.v Line: 1
Info (12021): Found 0 design units, including 0 entities, in source file Definitions.v
Info (12021): Found 1 design units, including 1 entities, in source file ALU.v
    Info (12023): Found entity 1: ALU File: /home/david/Documents/ufba/ENGG56/Quartus/ALU.v Line: 1
Info (12021): Found 2 design units, including 1 entities, in source file InstructionsROM.vhd
    Info (12022): Found design unit 1: instructionsrom-SYN File: /home/david/Documents/ufba/ENGG56/Quartus/InstructionsROM.vhd Line: 53
    Info (12023): Found entity 1: InstructionsROM File: /home/david/Documents/ufba/ENGG56/Quartus/InstructionsROM.vhd Line: 43
Info (12021): Found 2 design units, including 1 entities, in source file ValuesROM.vhd
    Info (12022): Found design unit 1: valuesrom-SYN File: /home/david/Documents/ufba/ENGG56/Quartus/ValuesROM.vhd Line: 53
    Info (12023): Found entity 1: ValuesROM File: /home/david/Documents/ufba/ENGG56/Quartus/ValuesROM.vhd Line: 43
Info (12021): Found 1 design units, including 1 entities, in source file CPURegisters.v
    Info (12023): Found entity 1: CPURegisters File: /home/david/Documents/ufba/ENGG56/Quartus/CPURegisters.v Line: 1
Warning (10229): Verilog HDL Expression warning at CPUControl.v(109): truncated literal to match 4 bits File: /home/david/Documents/ufba/ENGG56/Quartus/CPUControl.v Line: 109
Warning (10229): Verilog HDL Expression warning at CPUControl.v(111): truncated literal to match 4 bits File: /home/david/Documents/ufba/ENGG56/Quartus/CPUControl.v Line: 111
Warning (10229): Verilog HDL Expression warning at CPUControl.v(113): truncated literal to match 4 bits File: /home/david/Documents/ufba/ENGG56/Quartus/CPUControl.v Line: 113
Warning (10229): Verilog HDL Expression warning at CPUControl.v(115): truncated literal to match 4 bits File: /home/david/Documents/ufba/ENGG56/Quartus/CPUControl.v Line: 115
Warning (10229): Verilog HDL Expression warning at CPUControl.v(117): truncated literal to match 4 bits File: /home/david/Documents/ufba/ENGG56/Quartus/CPUControl.v Line: 117
Warning (10229): Verilog HDL Expression warning at CPUControl.v(119): truncated literal to match 4 bits File: /home/david/Documents/ufba/ENGG56/Quartus/CPUControl.v Line: 119
Warning (10229): Verilog HDL Expression warning at CPUControl.v(121): truncated literal to match 4 bits File: /home/david/Documents/ufba/ENGG56/Quartus/CPUControl.v Line: 121
Warning (10229): Verilog HDL Expression warning at CPUControl.v(140): truncated literal to match 4 bits File: /home/david/Documents/ufba/ENGG56/Quartus/CPUControl.v Line: 140
Warning (10229): Verilog HDL Expression warning at CPUControl.v(192): truncated literal to match 4 bits File: /home/david/Documents/ufba/ENGG56/Quartus/CPUControl.v Line: 192
Warning (10229): Verilog HDL Expression warning at CPUControl.v(200): truncated literal to match 4 bits File: /home/david/Documents/ufba/ENGG56/Quartus/CPUControl.v Line: 200
Warning (10229): Verilog HDL Expression warning at CPUControl.v(206): truncated literal to match 4 bits File: /home/david/Documents/ufba/ENGG56/Quartus/CPUControl.v Line: 206
Warning (10229): Verilog HDL Expression warning at CPUControl.v(208): truncated literal to match 4 bits File: /home/david/Documents/ufba/ENGG56/Quartus/CPUControl.v Line: 208
Info (12021): Found 1 design units, including 1 entities, in source file CPUControl.v
    Info (12023): Found entity 1: CPUControl File: /home/david/Documents/ufba/ENGG56/Quartus/CPUControl.v Line: 1
Info (12127): Elaborating entity "Processador" for the top level hierarchy
Info (12128): Elaborating entity "ALU" for hierarchy "ALU:inst2"
Warning (10240): Verilog HDL Always Construct warning at ALU.v(13): inferring latch(es) for variable "carryOut", which holds its previous value in one or more paths through the always construct File: /home/david/Documents/ufba/ENGG56/Quartus/ALU.v Line: 13
Info (10041): Inferred latch for "carryOut" at ALU.v(13) File: /home/david/Documents/ufba/ENGG56/Quartus/ALU.v Line: 13
Info (12128): Elaborating entity "CPURegisters" for hierarchy "CPURegisters:inst15"
Info (12128): Elaborating entity "CPUControl" for hierarchy "CPUControl:inst14"
Warning (10235): Verilog HDL Always Construct warning at CPUControl.v(56): variable "bus_inst_data" is read inside the Always Construct but isn't in the Always Construct's Event Control File: /home/david/Documents/ufba/ENGG56/Quartus/CPUControl.v Line: 56
Warning (10235): Verilog HDL Always Construct warning at CPUControl.v(129): variable "data_from_stack" is read inside the Always Construct but isn't in the Always Construct's Event Control File: /home/david/Documents/ufba/ENGG56/Quartus/CPUControl.v Line: 129
Warning (10235): Verilog HDL Always Construct warning at CPUControl.v(135): variable "data_from_stack" is read inside the Always Construct but isn't in the Always Construct's Event Control File: /home/david/Documents/ufba/ENGG56/Quartus/CPUControl.v Line: 135
Warning (10235): Verilog HDL Always Construct warning at CPUControl.v(138): variable "two_register_instruction" is read inside the Always Construct but isn't in the Always Construct's Event Control File: /home/david/Documents/ufba/ENGG56/Quartus/CPUControl.v Line: 138
Warning (10235): Verilog HDL Always Construct warning at CPUControl.v(150): variable "data_from_stack" is read inside the Always Construct but isn't in the Always Construct's Event Control File: /home/david/Documents/ufba/ENGG56/Quartus/CPUControl.v Line: 150
Warning (10235): Verilog HDL Always Construct warning at CPUControl.v(157): variable "data_from_stack" is read inside the Always Construct but isn't in the Always Construct's Event Control File: /home/david/Documents/ufba/ENGG56/Quartus/CPUControl.v Line: 157
Warning (10235): Verilog HDL Always Construct warning at CPUControl.v(177): variable "bus_inst_data" is read inside the Always Construct but isn't in the Always Construct's Event Control File: /home/david/Documents/ufba/ENGG56/Quartus/CPUControl.v Line: 177
Warning (10235): Verilog HDL Always Construct warning at CPUControl.v(185): variable "temp1" is read inside the Always Construct but isn't in the Always Construct's Event Control File: /home/david/Documents/ufba/ENGG56/Quartus/CPUControl.v Line: 185
Warning (10235): Verilog HDL Always Construct warning at CPUControl.v(195): variable "bus_inst_data" is read inside the Always Construct but isn't in the Always Construct's Event Control File: /home/david/Documents/ufba/ENGG56/Quartus/CPUControl.v Line: 195
Warning (10235): Verilog HDL Always Construct warning at CPUControl.v(214): variable "ip" is read inside the Always Construct but isn't in the Always Construct's Event Control File: /home/david/Documents/ufba/ENGG56/Quartus/CPUControl.v Line: 214
Warning (10272): Verilog HDL Case Statement warning at CPUControl.v(208): case item expression covers a value already covered by a previous case item File: /home/david/Documents/ufba/ENGG56/Quartus/CPUControl.v Line: 208
Warning (10240): Verilog HDL Always Construct warning at CPUControl.v(43): inferring latch(es) for variable "ip", which holds its previous value in one or more paths through the always construct File: /home/david/Documents/ufba/ENGG56/Quartus/CPUControl.v Line: 43
Warning (10240): Verilog HDL Always Construct warning at CPUControl.v(43): inferring latch(es) for variable "reg_selector", which holds its previous value in one or more paths through the always construct File: /home/david/Documents/ufba/ENGG56/Quartus/CPUControl.v Line: 43
Warning (10240): Verilog HDL Always Construct warning at CPUControl.v(43): inferring latch(es) for variable "ew_reg", which holds its previous value in one or more paths through the always construct File: /home/david/Documents/ufba/ENGG56/Quartus/CPUControl.v Line: 43
Warning (10240): Verilog HDL Always Construct warning at CPUControl.v(43): inferring latch(es) for variable "values_data", which holds its previous value in one or more paths through the always construct File: /home/david/Documents/ufba/ENGG56/Quartus/CPUControl.v Line: 43
Warning (10240): Verilog HDL Always Construct warning at CPUControl.v(43): inferring latch(es) for variable "pop", which holds its previous value in one or more paths through the always construct File: /home/david/Documents/ufba/ENGG56/Quartus/CPUControl.v Line: 43
Warning (10240): Verilog HDL Always Construct warning at CPUControl.v(43): inferring latch(es) for variable "alu_selector", which holds its previous value in one or more paths through the always construct File: /home/david/Documents/ufba/ENGG56/Quartus/CPUControl.v Line: 43
Warning (10240): Verilog HDL Always Construct warning at CPUControl.v(43): inferring latch(es) for variable "push", which holds its previous value in one or more paths through the always construct File: /home/david/Documents/ufba/ENGG56/Quartus/CPUControl.v Line: 43
Warning (10240): Verilog HDL Always Construct warning at CPUControl.v(43): inferring latch(es) for variable "values_addr", which holds its previous value in one or more paths through the always construct File: /home/david/Documents/ufba/ENGG56/Quartus/CPUControl.v Line: 43
Info (10041): Inferred latch for "values_addr[0]" at CPUControl.v(43) File: /home/david/Documents/ufba/ENGG56/Quartus/CPUControl.v Line: 43
Info (10041): Inferred latch for "values_addr[1]" at CPUControl.v(43) File: /home/david/Documents/ufba/ENGG56/Quartus/CPUControl.v Line: 43
Info (10041): Inferred latch for "values_addr[2]" at CPUControl.v(43) File: /home/david/Documents/ufba/ENGG56/Quartus/CPUControl.v Line: 43
Info (10041): Inferred latch for "values_addr[3]" at CPUControl.v(43) File: /home/david/Documents/ufba/ENGG56/Quartus/CPUControl.v Line: 43
Info (10041): Inferred latch for "values_addr[4]" at CPUControl.v(43) File: /home/david/Documents/ufba/ENGG56/Quartus/CPUControl.v Line: 43
Info (10041): Inferred latch for "values_addr[5]" at CPUControl.v(43) File: /home/david/Documents/ufba/ENGG56/Quartus/CPUControl.v Line: 43
Info (10041): Inferred latch for "values_addr[6]" at CPUControl.v(43) File: /home/david/Documents/ufba/ENGG56/Quartus/CPUControl.v Line: 43
Info (10041): Inferred latch for "values_addr[7]" at CPUControl.v(43) File: /home/david/Documents/ufba/ENGG56/Quartus/CPUControl.v Line: 43
Info (10041): Inferred latch for "push" at CPUControl.v(43) File: /home/david/Documents/ufba/ENGG56/Quartus/CPUControl.v Line: 43
Info (10041): Inferred latch for "alu_selector[0]" at CPUControl.v(43) File: /home/david/Documents/ufba/ENGG56/Quartus/CPUControl.v Line: 43
Info (10041): Inferred latch for "alu_selector[1]" at CPUControl.v(43) File: /home/david/Documents/ufba/ENGG56/Quartus/CPUControl.v Line: 43
Info (10041): Inferred latch for "alu_selector[2]" at CPUControl.v(43) File: /home/david/Documents/ufba/ENGG56/Quartus/CPUControl.v Line: 43
Info (10041): Inferred latch for "alu_selector[3]" at CPUControl.v(43) File: /home/david/Documents/ufba/ENGG56/Quartus/CPUControl.v Line: 43
Info (10041): Inferred latch for "alu_selector[4]" at CPUControl.v(43) File: /home/david/Documents/ufba/ENGG56/Quartus/CPUControl.v Line: 43
Info (10041): Inferred latch for "pop" at CPUControl.v(43) File: /home/david/Documents/ufba/ENGG56/Quartus/CPUControl.v Line: 43
Info (10041): Inferred latch for "values_data[0]" at CPUControl.v(43) File: /home/david/Documents/ufba/ENGG56/Quartus/CPUControl.v Line: 43
Info (10041): Inferred latch for "values_data[1]" at CPUControl.v(43) File: /home/david/Documents/ufba/ENGG56/Quartus/CPUControl.v Line: 43
Info (10041): Inferred latch for "values_data[2]" at CPUControl.v(43) File: /home/david/Documents/ufba/ENGG56/Quartus/CPUControl.v Line: 43
Info (10041): Inferred latch for "values_data[3]" at CPUControl.v(43) File: /home/david/Documents/ufba/ENGG56/Quartus/CPUControl.v Line: 43
Info (10041): Inferred latch for "values_data[4]" at CPUControl.v(43) File: /home/david/Documents/ufba/ENGG56/Quartus/CPUControl.v Line: 43
Info (10041): Inferred latch for "values_data[5]" at CPUControl.v(43) File: /home/david/Documents/ufba/ENGG56/Quartus/CPUControl.v Line: 43
Info (10041): Inferred latch for "values_data[6]" at CPUControl.v(43) File: /home/david/Documents/ufba/ENGG56/Quartus/CPUControl.v Line: 43
Info (10041): Inferred latch for "values_data[7]" at CPUControl.v(43) File: /home/david/Documents/ufba/ENGG56/Quartus/CPUControl.v Line: 43
Info (10041): Inferred latch for "ew_reg" at CPUControl.v(43) File: /home/david/Documents/ufba/ENGG56/Quartus/CPUControl.v Line: 43
Info (10041): Inferred latch for "reg_selector" at CPUControl.v(43) File: /home/david/Documents/ufba/ENGG56/Quartus/CPUControl.v Line: 43
Info (10041): Inferred latch for "ip[0]" at CPUControl.v(43) File: /home/david/Documents/ufba/ENGG56/Quartus/CPUControl.v Line: 43
Info (10041): Inferred latch for "ip[1]" at CPUControl.v(43) File: /home/david/Documents/ufba/ENGG56/Quartus/CPUControl.v Line: 43
Info (10041): Inferred latch for "ip[2]" at CPUControl.v(43) File: /home/david/Documents/ufba/ENGG56/Quartus/CPUControl.v Line: 43
Info (10041): Inferred latch for "ip[3]" at CPUControl.v(43) File: /home/david/Documents/ufba/ENGG56/Quartus/CPUControl.v Line: 43
Info (10041): Inferred latch for "ip[4]" at CPUControl.v(43) File: /home/david/Documents/ufba/ENGG56/Quartus/CPUControl.v Line: 43
Info (10041): Inferred latch for "ip[5]" at CPUControl.v(43) File: /home/david/Documents/ufba/ENGG56/Quartus/CPUControl.v Line: 43
Info (10041): Inferred latch for "ip[6]" at CPUControl.v(43) File: /home/david/Documents/ufba/ENGG56/Quartus/CPUControl.v Line: 43
Info (10041): Inferred latch for "ip[7]" at CPUControl.v(43) File: /home/david/Documents/ufba/ENGG56/Quartus/CPUControl.v Line: 43
Info (12128): Elaborating entity "InstructionsROM" for hierarchy "InstructionsROM:inst13"
Info (12128): Elaborating entity "altsyncram" for hierarchy "InstructionsROM:inst13|altsyncram:altsyncram_component" File: /home/david/Documents/ufba/ENGG56/Quartus/InstructionsROM.vhd Line: 60
Info (12130): Elaborated megafunction instantiation "InstructionsROM:inst13|altsyncram:altsyncram_component" File: /home/david/Documents/ufba/ENGG56/Quartus/InstructionsROM.vhd Line: 60
Info (12133): Instantiated megafunction "InstructionsROM:inst13|altsyncram:altsyncram_component" with the following parameter: File: /home/david/Documents/ufba/ENGG56/Quartus/InstructionsROM.vhd Line: 60
    Info (12134): Parameter "address_aclr_a" = "NONE"
    Info (12134): Parameter "address_aclr_b" = "NONE"
    Info (12134): Parameter "address_reg_b" = "CLOCK1"
    Info (12134): Parameter "byte_size" = "8"
    Info (12134): Parameter "byteena_aclr_a" = "UNUSED"
    Info (12134): Parameter "byteena_aclr_b" = "NONE"
    Info (12134): Parameter "byteena_reg_b" = "CLOCK1"
    Info (12134): Parameter "clock_enable_core_a" = "USE_INPUT_CLKEN"
    Info (12134): Parameter "clock_enable_core_b" = "USE_INPUT_CLKEN"
    Info (12134): Parameter "clock_enable_input_a" = "BYPASS"
    Info (12134): Parameter "clock_enable_input_b" = "NORMAL"
    Info (12134): Parameter "clock_enable_output_a" = "BYPASS"
    Info (12134): Parameter "clock_enable_output_b" = "NORMAL"
    Info (12134): Parameter "intended_device_family" = "Cyclone IV E"
    Info (12134): Parameter "ecc_pipeline_stage_enabled" = "FALSE"
    Info (12134): Parameter "enable_ecc" = "FALSE"
    Info (12134): Parameter "implement_in_les" = "OFF"
    Info (12134): Parameter "indata_aclr_a" = "UNUSED"
    Info (12134): Parameter "indata_aclr_b" = "NONE"
    Info (12134): Parameter "indata_reg_b" = "CLOCK1"
    Info (12134): Parameter "init_file" = "ROM.mif"
    Info (12134): Parameter "init_file_layout" = "PORT_A"
    Info (12134): Parameter "maximum_depth" = "0"
    Info (12134): Parameter "numwords_a" = "256"
    Info (12134): Parameter "numwords_b" = "0"
    Info (12134): Parameter "operation_mode" = "ROM"
    Info (12134): Parameter "outdata_aclr_a" = "NONE"
    Info (12134): Parameter "outdata_aclr_b" = "NONE"
    Info (12134): Parameter "outdata_reg_a" = "UNREGISTERED"
    Info (12134): Parameter "outdata_reg_b" = "UNREGISTERED"
    Info (12134): Parameter "power_up_uninitialized" = "FALSE"
    Info (12134): Parameter "ram_block_type" = "AUTO"
    Info (12134): Parameter "rdcontrol_aclr_b" = "NONE"
    Info (12134): Parameter "rdcontrol_reg_b" = "CLOCK1"
    Info (12134): Parameter "read_during_write_mode_mixed_ports" = "DONT_CARE"
    Info (12134): Parameter "read_during_write_mode_port_a" = "NEW_DATA_NO_NBE_READ"
    Info (12134): Parameter "read_during_write_mode_port_b" = "NEW_DATA_NO_NBE_READ"
    Info (12134): Parameter "stratixiv_m144k_allow_dual_clocks" = "ON"
    Info (12134): Parameter "width_a" = "13"
    Info (12134): Parameter "width_b" = "1"
    Info (12134): Parameter "width_byteena_a" = "1"
    Info (12134): Parameter "width_byteena_b" = "1"
    Info (12134): Parameter "width_eccstatus" = "3"
    Info (12134): Parameter "widthad_a" = "8"
    Info (12134): Parameter "widthad_b" = "1"
    Info (12134): Parameter "wrcontrol_aclr_a" = "UNUSED"
    Info (12134): Parameter "wrcontrol_aclr_b" = "NONE"
    Info (12134): Parameter "wrcontrol_wraddress_reg_b" = "CLOCK1"
    Info (12134): Parameter "lpm_hint" = "ENABLE_RUNTIME_MOD=NO"
    Info (12134): Parameter "lpm_type" = "altsyncram"
Info (12021): Found 1 design units, including 1 entities, in source file db/altsyncram_2lr3.tdf
    Info (12023): Found entity 1: altsyncram_2lr3 File: /home/david/Documents/ufba/ENGG56/Quartus/db/altsyncram_2lr3.tdf Line: 28
Info (12128): Elaborating entity "altsyncram_2lr3" for hierarchy "InstructionsROM:inst13|altsyncram:altsyncram_component|altsyncram_2lr3:auto_generated" File: /home/david/Tools/quartus/libraries/megafunctions/altsyncram.tdf Line: 792
Warning (113016): Width of data items in "ROM.mif" is smaller than the memory width. Padding data items with 0 on MSB to fit in memory.  File: /home/david/Documents/ufba/ENGG56/Quartus/ROM.mif Line: 24
Critical Warning (127005): Memory depth (256) in the design file differs from memory depth (32) in the Memory Initialization File "/home/david/Documents/ufba/ENGG56/Quartus/ROM.mif" -- setting initial value for remaining addresses to 0 File: /home/david/Documents/ufba/ENGG56/Quartus/InstructionsROM.vhd Line: 60
Info (12128): Elaborating entity "ValuesROM" for hierarchy "ValuesROM:inst"
Info (12128): Elaborating entity "altsyncram" for hierarchy "ValuesROM:inst|altsyncram:altsyncram_component" File: /home/david/Documents/ufba/ENGG56/Quartus/ValuesROM.vhd Line: 60
Info (12130): Elaborated megafunction instantiation "ValuesROM:inst|altsyncram:altsyncram_component" File: /home/david/Documents/ufba/ENGG56/Quartus/ValuesROM.vhd Line: 60
Info (12133): Instantiated megafunction "ValuesROM:inst|altsyncram:altsyncram_component" with the following parameter: File: /home/david/Documents/ufba/ENGG56/Quartus/ValuesROM.vhd Line: 60
    Info (12134): Parameter "address_aclr_a" = "NONE"
    Info (12134): Parameter "address_aclr_b" = "NONE"
    Info (12134): Parameter "address_reg_b" = "CLOCK1"
    Info (12134): Parameter "byte_size" = "8"
    Info (12134): Parameter "byteena_aclr_a" = "UNUSED"
    Info (12134): Parameter "byteena_aclr_b" = "NONE"
    Info (12134): Parameter "byteena_reg_b" = "CLOCK1"
    Info (12134): Parameter "clock_enable_core_a" = "USE_INPUT_CLKEN"
    Info (12134): Parameter "clock_enable_core_b" = "USE_INPUT_CLKEN"
    Info (12134): Parameter "clock_enable_input_a" = "BYPASS"
    Info (12134): Parameter "clock_enable_input_b" = "NORMAL"
    Info (12134): Parameter "clock_enable_output_a" = "BYPASS"
    Info (12134): Parameter "clock_enable_output_b" = "NORMAL"
    Info (12134): Parameter "intended_device_family" = "Cyclone IV E"
    Info (12134): Parameter "ecc_pipeline_stage_enabled" = "FALSE"
    Info (12134): Parameter "enable_ecc" = "FALSE"
    Info (12134): Parameter "implement_in_les" = "OFF"
    Info (12134): Parameter "indata_aclr_a" = "UNUSED"
    Info (12134): Parameter "indata_aclr_b" = "NONE"
    Info (12134): Parameter "indata_reg_b" = "CLOCK1"
    Info (12134): Parameter "init_file" = "ROM.mif"
    Info (12134): Parameter "init_file_layout" = "PORT_A"
    Info (12134): Parameter "maximum_depth" = "0"
    Info (12134): Parameter "numwords_a" = "256"
    Info (12134): Parameter "numwords_b" = "0"
    Info (12134): Parameter "operation_mode" = "ROM"
    Info (12134): Parameter "outdata_aclr_a" = "NONE"
    Info (12134): Parameter "outdata_aclr_b" = "NONE"
    Info (12134): Parameter "outdata_reg_a" = "UNREGISTERED"
    Info (12134): Parameter "outdata_reg_b" = "UNREGISTERED"
    Info (12134): Parameter "power_up_uninitialized" = "FALSE"
    Info (12134): Parameter "ram_block_type" = "AUTO"
    Info (12134): Parameter "rdcontrol_aclr_b" = "NONE"
    Info (12134): Parameter "rdcontrol_reg_b" = "CLOCK1"
    Info (12134): Parameter "read_during_write_mode_mixed_ports" = "DONT_CARE"
    Info (12134): Parameter "read_during_write_mode_port_a" = "NEW_DATA_NO_NBE_READ"
    Info (12134): Parameter "read_during_write_mode_port_b" = "NEW_DATA_NO_NBE_READ"
    Info (12134): Parameter "stratixiv_m144k_allow_dual_clocks" = "ON"
    Info (12134): Parameter "width_a" = "8"
    Info (12134): Parameter "width_b" = "1"
    Info (12134): Parameter "width_byteena_a" = "1"
    Info (12134): Parameter "width_byteena_b" = "1"
    Info (12134): Parameter "width_eccstatus" = "3"
    Info (12134): Parameter "widthad_a" = "8"
    Info (12134): Parameter "widthad_b" = "1"
    Info (12134): Parameter "wrcontrol_aclr_a" = "UNUSED"
    Info (12134): Parameter "wrcontrol_aclr_b" = "NONE"
    Info (12134): Parameter "wrcontrol_wraddress_reg_b" = "CLOCK1"
    Info (12134): Parameter "lpm_hint" = "ENABLE_RUNTIME_MOD=NO"
    Info (12134): Parameter "lpm_type" = "altsyncram"
Info (12021): Found 1 design units, including 1 entities, in source file db/altsyncram_mjr3.tdf
    Info (12023): Found entity 1: altsyncram_mjr3 File: /home/david/Documents/ufba/ENGG56/Quartus/db/altsyncram_mjr3.tdf Line: 28
Info (12128): Elaborating entity "altsyncram_mjr3" for hierarchy "ValuesROM:inst|altsyncram:altsyncram_component|altsyncram_mjr3:auto_generated" File: /home/david/Tools/quartus/libraries/megafunctions/altsyncram.tdf Line: 792
Info (12128): Elaborating entity "Stack" for hierarchy "Stack:inst3"
Warning (10240): Verilog HDL Always Construct warning at Stack.v(50): inferring latch(es) for variable "next_dout", which holds its previous value in one or more paths through the always construct File: /home/david/Documents/ufba/ENGG56/Quartus/Stack.v Line: 50
Info (10041): Inferred latch for "next_dout[0]" at Stack.v(55) File: /home/david/Documents/ufba/ENGG56/Quartus/Stack.v Line: 55
Info (10041): Inferred latch for "next_dout[1]" at Stack.v(55) File: /home/david/Documents/ufba/ENGG56/Quartus/Stack.v Line: 55
Info (10041): Inferred latch for "next_dout[2]" at Stack.v(55) File: /home/david/Documents/ufba/ENGG56/Quartus/Stack.v Line: 55
Info (10041): Inferred latch for "next_dout[3]" at Stack.v(55) File: /home/david/Documents/ufba/ENGG56/Quartus/Stack.v Line: 55
Info (10041): Inferred latch for "next_dout[4]" at Stack.v(55) File: /home/david/Documents/ufba/ENGG56/Quartus/Stack.v Line: 55
Info (10041): Inferred latch for "next_dout[5]" at Stack.v(55) File: /home/david/Documents/ufba/ENGG56/Quartus/Stack.v Line: 55
Info (10041): Inferred latch for "next_dout[6]" at Stack.v(55) File: /home/david/Documents/ufba/ENGG56/Quartus/Stack.v Line: 55
Info (10041): Inferred latch for "next_dout[7]" at Stack.v(55) File: /home/david/Documents/ufba/ENGG56/Quartus/Stack.v Line: 55
Warning (14026): LATCH primitive "ALU:inst2|carryOut" is permanently enabled File: /home/david/Documents/ufba/ENGG56/Quartus/ALU.v Line: 7
Warning (14284): Synthesized away the following node(s):
    Warning (14285): Synthesized away the following RAM node(s):
        Warning (14320): Synthesized away node "ValuesROM:inst|altsyncram:altsyncram_component|altsyncram_mjr3:auto_generated|q_a[0]" File: /home/david/Documents/ufba/ENGG56/Quartus/db/altsyncram_mjr3.tdf Line: 35
        Warning (14320): Synthesized away node "ValuesROM:inst|altsyncram:altsyncram_component|altsyncram_mjr3:auto_generated|q_a[1]" File: /home/david/Documents/ufba/ENGG56/Quartus/db/altsyncram_mjr3.tdf Line: 57
        Warning (14320): Synthesized away node "ValuesROM:inst|altsyncram:altsyncram_component|altsyncram_mjr3:auto_generated|q_a[2]" File: /home/david/Documents/ufba/ENGG56/Quartus/db/altsyncram_mjr3.tdf Line: 79
        Warning (14320): Synthesized away node "ValuesROM:inst|altsyncram:altsyncram_component|altsyncram_mjr3:auto_generated|q_a[3]" File: /home/david/Documents/ufba/ENGG56/Quartus/db/altsyncram_mjr3.tdf Line: 101
        Warning (14320): Synthesized away node "ValuesROM:inst|altsyncram:altsyncram_component|altsyncram_mjr3:auto_generated|q_a[4]" File: /home/david/Documents/ufba/ENGG56/Quartus/db/altsyncram_mjr3.tdf Line: 123
        Warning (14320): Synthesized away node "ValuesROM:inst|altsyncram:altsyncram_component|altsyncram_mjr3:auto_generated|q_a[5]" File: /home/david/Documents/ufba/ENGG56/Quartus/db/altsyncram_mjr3.tdf Line: 145
        Warning (14320): Synthesized away node "ValuesROM:inst|altsyncram:altsyncram_component|altsyncram_mjr3:auto_generated|q_a[6]" File: /home/david/Documents/ufba/ENGG56/Quartus/db/altsyncram_mjr3.tdf Line: 167
        Warning (14320): Synthesized away node "ValuesROM:inst|altsyncram:altsyncram_component|altsyncram_mjr3:auto_generated|q_a[7]" File: /home/david/Documents/ufba/ENGG56/Quartus/db/altsyncram_mjr3.tdf Line: 189
        Warning (14320): Synthesized away node "InstructionsROM:inst13|altsyncram:altsyncram_component|altsyncram_2lr3:auto_generated|q_a[0]" File: /home/david/Documents/ufba/ENGG56/Quartus/db/altsyncram_2lr3.tdf Line: 35
        Warning (14320): Synthesized away node "InstructionsROM:inst13|altsyncram:altsyncram_component|altsyncram_2lr3:auto_generated|q_a[1]" File: /home/david/Documents/ufba/ENGG56/Quartus/db/altsyncram_2lr3.tdf Line: 57
        Warning (14320): Synthesized away node "InstructionsROM:inst13|altsyncram:altsyncram_component|altsyncram_2lr3:auto_generated|q_a[2]" File: /home/david/Documents/ufba/ENGG56/Quartus/db/altsyncram_2lr3.tdf Line: 79
        Warning (14320): Synthesized away node "InstructionsROM:inst13|altsyncram:altsyncram_component|altsyncram_2lr3:auto_generated|q_a[3]" File: /home/david/Documents/ufba/ENGG56/Quartus/db/altsyncram_2lr3.tdf Line: 101
        Warning (14320): Synthesized away node "InstructionsROM:inst13|altsyncram:altsyncram_component|altsyncram_2lr3:auto_generated|q_a[4]" File: /home/david/Documents/ufba/ENGG56/Quartus/db/altsyncram_2lr3.tdf Line: 123
        Warning (14320): Synthesized away node "InstructionsROM:inst13|altsyncram:altsyncram_component|altsyncram_2lr3:auto_generated|q_a[5]" File: /home/david/Documents/ufba/ENGG56/Quartus/db/altsyncram_2lr3.tdf Line: 145
        Warning (14320): Synthesized away node "InstructionsROM:inst13|altsyncram:altsyncram_component|altsyncram_2lr3:auto_generated|q_a[6]" File: /home/david/Documents/ufba/ENGG56/Quartus/db/altsyncram_2lr3.tdf Line: 167
        Warning (14320): Synthesized away node "InstructionsROM:inst13|altsyncram:altsyncram_component|altsyncram_2lr3:auto_generated|q_a[7]" File: /home/david/Documents/ufba/ENGG56/Quartus/db/altsyncram_2lr3.tdf Line: 189
        Warning (14320): Synthesized away node "InstructionsROM:inst13|altsyncram:altsyncram_component|altsyncram_2lr3:auto_generated|q_a[8]" File: /home/david/Documents/ufba/ENGG56/Quartus/db/altsyncram_2lr3.tdf Line: 211
        Warning (14320): Synthesized away node "InstructionsROM:inst13|altsyncram:altsyncram_component|altsyncram_2lr3:auto_generated|q_a[9]" File: /home/david/Documents/ufba/ENGG56/Quartus/db/altsyncram_2lr3.tdf Line: 233
        Warning (14320): Synthesized away node "InstructionsROM:inst13|altsyncram:altsyncram_component|altsyncram_2lr3:auto_generated|q_a[10]" File: /home/david/Documents/ufba/ENGG56/Quartus/db/altsyncram_2lr3.tdf Line: 255
        Warning (14320): Synthesized away node "InstructionsROM:inst13|altsyncram:altsyncram_component|altsyncram_2lr3:auto_generated|q_a[11]" File: /home/david/Documents/ufba/ENGG56/Quartus/db/altsyncram_2lr3.tdf Line: 277
        Warning (14320): Synthesized away node "InstructionsROM:inst13|altsyncram:altsyncram_component|altsyncram_2lr3:auto_generated|q_a[12]" File: /home/david/Documents/ufba/ENGG56/Quartus/db/altsyncram_2lr3.tdf Line: 299
Warning (13024): Output pins are stuck at VCC or GND
    Warning (13410): Pin "carryOut" is stuck at GND
    Warning (13410): Pin "empty" is stuck at VCC
    Warning (13410): Pin "full" is stuck at GND
Info (17049): 36 registers lost all their fanouts during netlist optimizations.
Info (16010): Generating hard_block partition "hard_block:auto_generated_inst"
    Info (16011): Adding 0 node(s), including 0 DDIO, 0 PLL, 0 transceiver and 0 LCELL
Warning (21074): Design contains 2 input pin(s) that do not drive logic
    Warning (15610): No output dependent on input pin "reset"
    Warning (15610): No output dependent on input pin "clk"
Info (21057): Implemented 5 device resources after synthesis - the final resource count might be different
    Info (21058): Implemented 2 input pins
    Info (21059): Implemented 3 output pins
Info: Quartus Prime Analysis & Synthesis was successful. 0 errors, 68 warnings
    Info: Peak virtual memory: 438 megabytes
    Info: Processing ended: Wed Nov 29 23:21:36 2023
    Info: Elapsed time: 00:00:05
    Info: Total CPU time (on all processors): 00:00:14


